Determining if the pthread_create exist failed with the following output:
Change Dir: /home/sunlie/myjobs/tinyCo/build/CMakeFiles/CMakeTmp

Run Build Command:"/usr/bin/make" "cmTC_60b37/fast"
/usr/bin/make -f CMakeFiles/cmTC_60b37.dir/build.make CMakeFiles/cmTC_60b37.dir/build
make[1]: Entering directory '/home/sunlie/myjobs/tinyCo/build/CMakeFiles/CMakeTmp'
Building C object CMakeFiles/cmTC_60b37.dir/CheckSymbolExists.c.o
/usr/bin/cc     -o CMakeFiles/cmTC_60b37.dir/CheckSymbolExists.c.o   -c /home/sunlie/myjobs/tinyCo/build/CMakeFiles/CMakeTmp/CheckSymbolExists.c
Linking C executable cmTC_60b37
/usr/bin/cmake -E cmake_link_script CMakeFiles/cmTC_60b37.dir/link.txt --verbose=1
/usr/bin/cc       CMakeFiles/cmTC_60b37.dir/CheckSymbolExists.c.o  -o cmTC_60b37 
CMakeFiles/cmTC_60b37.dir/CheckSymbolExists.c.o: In function `main':
CheckSymbolExists.c:(.text+0x16): undefined reference to `pthread_create'
collect2: error: ld returned 1 exit status
CMakeFiles/cmTC_60b37.dir/build.make:97: recipe for target 'cmTC_60b37' failed
make[1]: *** [cmTC_60b37] Error 1
make[1]: Leaving directory '/home/sunlie/myjobs/tinyCo/build/CMakeFiles/CMakeTmp'
Makefile:126: recipe for target 'cmTC_60b37/fast' failed
make: *** [cmTC_60b37/fast] Error 2

File /home/sunlie/myjobs/tinyCo/build/CMakeFiles/CMakeTmp/CheckSymbolExists.c:
/* */
#include <pthread.h>

int main(int argc, char** argv)
{
  (void)argv;
#ifndef pthread_create
  return ((int*)(&pthread_create))[argc];
#else
  (void)argc;
  return 0;
#endif
}

Determining if the function pthread_create exists in the pthreads failed with the following output:
Change Dir: /home/sunlie/myjobs/tinyCo/build/CMakeFiles/CMakeTmp

Run Build Command:"/usr/bin/make" "cmTC_ba68e/fast"
/usr/bin/make -f CMakeFiles/cmTC_ba68e.dir/build.make CMakeFiles/cmTC_ba68e.dir/build
make[1]: Entering directory '/home/sunlie/myjobs/tinyCo/build/CMakeFiles/CMakeTmp'
Building C object CMakeFiles/cmTC_ba68e.dir/CheckFunctionExists.c.o
/usr/bin/cc    -DCHECK_FUNCTION_EXISTS=pthread_create   -o CMakeFiles/cmTC_ba68e.dir/CheckFunctionExists.c.o   -c /usr/share/cmake-3.5/Modules/CheckFunctionExists.c
Linking C executable cmTC_ba68e
/usr/bin/cmake -E cmake_link_script CMakeFiles/cmTC_ba68e.dir/link.txt --verbose=1
/usr/bin/cc   -DCHECK_FUNCTION_EXISTS=pthread_create    CMakeFiles/cmTC_ba68e.dir/CheckFunctionExists.c.o  -o cmTC_ba68e -lpthreads 
/usr/bin/ld: cannot find -lpthreads
collect2: error: ld returned 1 exit status
CMakeFiles/cmTC_ba68e.dir/build.make:97: recipe for target 'cmTC_ba68e' failed
make[1]: *** [cmTC_ba68e] Error 1
make[1]: Leaving directory '/home/sunlie/myjobs/tinyCo/build/CMakeFiles/CMakeTmp'
Makefile:126: recipe for target 'cmTC_ba68e/fast' failed
make: *** [cmTC_ba68e/fast] Error 2


